e:\lecture\sac7\c\250502\250502\x64\debug\vc143.pdb
e:\lecture\sac7\c\250502\250502\x64\debug\vc143.idb
e:\lecture\sac7\c\250502\250502\x64\debug\testfunction.obj
e:\lecture\sac7\c\250502\250502\x64\debug\main4.obj
e:\lecture\sac7\c\250502\x64\debug\250502.exe
e:\lecture\sac7\c\250502\x64\debug\250502.pdb
e:\lecture\sac7\c\250502\250502\x64\debug\250502.ilk
e:\lecture\sac7\c\250502\250502\x64\debug\main.obj
e:\lecture\sac7\c\250502\250502\x64\debug\main1.obj
e:\lecture\sac7\c\250502\250502\x64\debug\main2.obj
e:\lecture\sac7\c\250502\250502\x64\debug\main3.obj
e:\lecture\sac7\c\250502\250502\x64\debug\test.obj
e:\lecture\sac7\c\250502\250502\x64\debug\250502.tlog\cl.command.1.tlog
e:\lecture\sac7\c\250502\250502\x64\debug\250502.tlog\cl.items.tlog
e:\lecture\sac7\c\250502\250502\x64\debug\250502.tlog\cl.read.1.tlog
e:\lecture\sac7\c\250502\250502\x64\debug\250502.tlog\cl.write.1.tlog
e:\lecture\sac7\c\250502\250502\x64\debug\250502.tlog\link.command.1.tlog
e:\lecture\sac7\c\250502\250502\x64\debug\250502.tlog\link.read.1.tlog
e:\lecture\sac7\c\250502\250502\x64\debug\250502.tlog\link.secondary.1.tlog
e:\lecture\sac7\c\250502\250502\x64\debug\250502.tlog\link.write.1.tlog
